<?xml version="1.0" encoding="UTF-8"?>
<testng-results ignored="0" total="1" passed="1" failed="0" skipped="0">
  <reporter-output>
  </reporter-output>
  <suite started-at="2025-10-19T16:07:17 IST" name="Default suite" finished-at="2025-10-19T16:07:58 IST" duration-ms="41374">
    <groups>
    </groups>
    <test started-at="2025-10-19T16:07:17 IST" name="Default test" finished-at="2025-10-19T16:07:58 IST" duration-ms="41374">
      <class name="testCases.Test1">
        <test-method is-config="true" signature="setup()[pri:0, instance:testCases.Test1@5e0e82ae]" started-at="2025-10-19T16:07:17 IST" name="setup" finished-at="2025-10-19T16:07:43 IST" duration-ms="25953" status="PASS">
          <reporter-output>
          </reporter-output>
        </test-method> <!-- setup -->
        <test-method signature="testHome()[pri:0, instance:testCases.Test1@5e0e82ae]" started-at="2025-10-19T16:07:43 IST" name="testHome" finished-at="2025-10-19T16:07:58 IST" duration-ms="15296" status="PASS">
          <reporter-output>
          </reporter-output>
        </test-method> <!-- testHome -->
      </class> <!-- testCases.Test1 -->
    </test> <!-- Default test -->
  </suite> <!-- Default suite -->
</testng-results>
