<?xml version="1.0" encoding="UTF-8"?>
<testng-results ignored="0" total="1" passed="1" failed="0" skipped="0">
  <reporter-output>
  </reporter-output>
  <suite started-at="2025-10-29T17:52:48 IST" name="Suite" finished-at="2025-10-29T17:53:22 IST" duration-ms="34373">
    <groups>
    </groups>
    <test started-at="2025-10-29T17:52:48 IST" name="Test" finished-at="2025-10-29T17:53:22 IST" duration-ms="34373">
      <class name="com.testCases.Tc_LoginTest_001">
        <test-method is-config="true" signature="setup(java.lang.String)[pri:0, instance:com.testCases.Tc_LoginTest_001@327514f]" started-at="2025-10-29T17:52:48 IST" name="setup" finished-at="2025-10-29T17:53:05 IST" duration-ms="17376" status="PASS">
          <params>
            <param index="0">
              <value>
                <![CDATA[chrome]]>
              </value>
            </param>
          </params>
          <reporter-output>
          </reporter-output>
        </test-method> <!-- setup -->
        <test-method signature="loginTest()[pri:0, instance:com.testCases.Tc_LoginTest_001@327514f]" started-at="2025-10-29T17:53:05 IST" name="loginTest" finished-at="2025-10-29T17:53:22 IST" duration-ms="16694" status="PASS">
          <reporter-output>
          </reporter-output>
        </test-method> <!-- loginTest -->
        <test-method is-config="true" signature="tesrDown()[pri:0, instance:com.testCases.Tc_LoginTest_001@327514f]" started-at="2025-10-29T17:53:22 IST" name="tesrDown" finished-at="2025-10-29T17:53:22 IST" duration-ms="150" status="PASS">
          <reporter-output>
          </reporter-output>
        </test-method> <!-- tesrDown -->
      </class> <!-- com.testCases.Tc_LoginTest_001 -->
    </test> <!-- Test -->
  </suite> <!-- Suite -->
</testng-results>
