<?xml version="1.0" encoding="UTF-8"?>
<testng-results ignored="0" total="1" passed="1" failed="0" skipped="0">
  <reporter-output>
  </reporter-output>
  <suite started-at="2025-10-31T12:50:30 IST" name="Suite" finished-at="2025-10-31T12:51:10 IST" duration-ms="39235">
    <groups>
    </groups>
    <test started-at="2025-10-31T12:50:30 IST" name="Test" finished-at="2025-10-31T12:51:10 IST" duration-ms="39235">
      <class name="com.testCases.Tc_AddCustomerTest_002">
        <test-method is-config="true" signature="setup(java.lang.String)[pri:0, instance:com.testCases.Tc_AddCustomerTest_002@3b69e7d1]" started-at="2025-10-31T12:50:31 IST" name="setup" finished-at="2025-10-31T12:50:47 IST" duration-ms="16392" status="PASS">
          <params>
            <param index="0">
              <value>
                <![CDATA[chrome]]>
              </value>
            </param>
          </params>
          <reporter-output>
          </reporter-output>
        </test-method> <!-- setup -->
        <test-method signature="addNewCustomer()[pri:0, instance:com.testCases.Tc_AddCustomerTest_002@3b69e7d1]" started-at="2025-10-31T12:50:47 IST" name="addNewCustomer" finished-at="2025-10-31T12:51:09 IST" duration-ms="22016" status="PASS">
          <reporter-output>
          </reporter-output>
        </test-method> <!-- addNewCustomer -->
        <test-method is-config="true" signature="tesrDown()[pri:0, instance:com.testCases.Tc_AddCustomerTest_002@3b69e7d1]" started-at="2025-10-31T12:51:09 IST" name="tesrDown" finished-at="2025-10-31T12:51:10 IST" duration-ms="164" status="PASS">
          <reporter-output>
          </reporter-output>
        </test-method> <!-- tesrDown -->
      </class> <!-- com.testCases.Tc_AddCustomerTest_002 -->
    </test> <!-- Test -->
  </suite> <!-- Suite -->
</testng-results>
